INFO: [VRFC 10-2263] Analyzing SystemVerilog file "C:/Users/AmirHasan/Desktop/DSDProject/cnn/cnn.srcs/sources_1/imports/cnn_open/model/bhvsram/bhv_1w1r_sram.v" into library xil_defaultlib
INFO: [VRFC 10-311] analyzing module bhv_1w1r_sram
INFO: [VRFC 10-2263] Analyzing SystemVerilog file "C:/Users/AmirHasan/Desktop/DSDProject/cnn/cnn.srcs/sources_1/imports/cnn_open/src/cnn.v" into library xil_defaultlib
INFO: [VRFC 10-311] analyzing module iterator
INFO: [VRFC 10-311] analyzing module max_pool
INFO: [VRFC 10-311] analyzing module relu
INFO: [VRFC 10-311] analyzing module conv
INFO: [VRFC 10-311] analyzing module acc
INFO: [VRFC 10-2458] undeclared symbol q_mac_en_b1, assumed default net type wire [C:/Users/AmirHasan/Desktop/DSDProject/cnn/cnn.srcs/sources_1/imports/cnn_open/src/cnn.v:320]
INFO: [VRFC 10-311] analyzing module mac
INFO: [VRFC 10-2263] Analyzing SystemVerilog file "C:/Users/AmirHasan/Desktop/DSDProject/cnn/cnn.srcs/sources_1/imports/cnn_open/src/lenet.v" into library xil_defaultlib
INFO: [VRFC 10-311] analyzing module lenet
INFO: [VRFC 10-2458] undeclared symbol first_data, assumed default net type wire [C:/Users/AmirHasan/Desktop/DSDProject/cnn/cnn.srcs/sources_1/imports/cnn_open/src/lenet.v:51]
INFO: [VRFC 10-2458] undeclared symbol last_data, assumed default net type wire [C:/Users/AmirHasan/Desktop/DSDProject/cnn/cnn.srcs/sources_1/imports/cnn_open/src/lenet.v:52]
INFO: [VRFC 10-2458] undeclared symbol conv1_ready, assumed default net type wire [C:/Users/AmirHasan/Desktop/DSDProject/cnn/cnn.srcs/sources_1/imports/cnn_open/src/lenet.v:57]
INFO: [VRFC 10-2458] undeclared symbol q_conv1_en, assumed default net type wire [C:/Users/AmirHasan/Desktop/DSDProject/cnn/cnn.srcs/sources_1/imports/cnn_open/src/lenet.v:92]
INFO: [VRFC 10-2458] undeclared symbol first_data_pooling1, assumed default net type wire [C:/Users/AmirHasan/Desktop/DSDProject/cnn/cnn.srcs/sources_1/imports/cnn_open/src/lenet.v:139]
INFO: [VRFC 10-2458] undeclared symbol last_data_pooling1, assumed default net type wire [C:/Users/AmirHasan/Desktop/DSDProject/cnn/cnn.srcs/sources_1/imports/cnn_open/src/lenet.v:140]
INFO: [VRFC 10-2458] undeclared symbol pooling1_ready, assumed default net type wire [C:/Users/AmirHasan/Desktop/DSDProject/cnn/cnn.srcs/sources_1/imports/cnn_open/src/lenet.v:141]
INFO: [VRFC 10-2458] undeclared symbol qa_pooling1_en, assumed default net type wire [C:/Users/AmirHasan/Desktop/DSDProject/cnn/cnn.srcs/sources_1/imports/cnn_open/src/lenet.v:172]
INFO: [VRFC 10-2458] undeclared symbol qa_relu1_en, assumed default net type wire [C:/Users/AmirHasan/Desktop/DSDProject/cnn/cnn.srcs/sources_1/imports/cnn_open/src/lenet.v:184]
INFO: [VRFC 10-2458] undeclared symbol first_data_conv2, assumed default net type wire [C:/Users/AmirHasan/Desktop/DSDProject/cnn/cnn.srcs/sources_1/imports/cnn_open/src/lenet.v:254]
INFO: [VRFC 10-2458] undeclared symbol last_data_conv2, assumed default net type wire [C:/Users/AmirHasan/Desktop/DSDProject/cnn/cnn.srcs/sources_1/imports/cnn_open/src/lenet.v:255]
INFO: [VRFC 10-2458] undeclared symbol conv2_ready, assumed default net type wire [C:/Users/AmirHasan/Desktop/DSDProject/cnn/cnn.srcs/sources_1/imports/cnn_open/src/lenet.v:260]
INFO: [VRFC 10-2458] undeclared symbol q_conv2_en, assumed default net type wire [C:/Users/AmirHasan/Desktop/DSDProject/cnn/cnn.srcs/sources_1/imports/cnn_open/src/lenet.v:296]
INFO: [VRFC 10-2458] undeclared symbol first_data_pooling2, assumed default net type wire [C:/Users/AmirHasan/Desktop/DSDProject/cnn/cnn.srcs/sources_1/imports/cnn_open/src/lenet.v:343]
INFO: [VRFC 10-2458] undeclared symbol last_data_pooling2, assumed default net type wire [C:/Users/AmirHasan/Desktop/DSDProject/cnn/cnn.srcs/sources_1/imports/cnn_open/src/lenet.v:344]
INFO: [VRFC 10-2458] undeclared symbol pooling2_ready, assumed default net type wire [C:/Users/AmirHasan/Desktop/DSDProject/cnn/cnn.srcs/sources_1/imports/cnn_open/src/lenet.v:345]
INFO: [VRFC 10-2458] undeclared symbol qa_pooling2_en, assumed default net type wire [C:/Users/AmirHasan/Desktop/DSDProject/cnn/cnn.srcs/sources_1/imports/cnn_open/src/lenet.v:376]
INFO: [VRFC 10-2458] undeclared symbol qa_relu2_en, assumed default net type wire [C:/Users/AmirHasan/Desktop/DSDProject/cnn/cnn.srcs/sources_1/imports/cnn_open/src/lenet.v:389]
INFO: [VRFC 10-2458] undeclared symbol first_data_FC1, assumed default net type wire [C:/Users/AmirHasan/Desktop/DSDProject/cnn/cnn.srcs/sources_1/imports/cnn_open/src/lenet.v:462]
INFO: [VRFC 10-2458] undeclared symbol last_data_FC1, assumed default net type wire [C:/Users/AmirHasan/Desktop/DSDProject/cnn/cnn.srcs/sources_1/imports/cnn_open/src/lenet.v:463]
INFO: [VRFC 10-2458] undeclared symbol fc1_ready, assumed default net type wire [C:/Users/AmirHasan/Desktop/DSDProject/cnn/cnn.srcs/sources_1/imports/cnn_open/src/lenet.v:468]
INFO: [VRFC 10-2458] undeclared symbol q_fc1_en, assumed default net type wire [C:/Users/AmirHasan/Desktop/DSDProject/cnn/cnn.srcs/sources_1/imports/cnn_open/src/lenet.v:503]
INFO: [VRFC 10-2458] undeclared symbol qa_relu_fc1_en, assumed default net type wire [C:/Users/AmirHasan/Desktop/DSDProject/cnn/cnn.srcs/sources_1/imports/cnn_open/src/lenet.v:515]
INFO: [VRFC 10-2458] undeclared symbol first_data_fc2, assumed default net type wire [C:/Users/AmirHasan/Desktop/DSDProject/cnn/cnn.srcs/sources_1/imports/cnn_open/src/lenet.v:583]
INFO: [VRFC 10-2458] undeclared symbol last_data_fc2, assumed default net type wire [C:/Users/AmirHasan/Desktop/DSDProject/cnn/cnn.srcs/sources_1/imports/cnn_open/src/lenet.v:584]
INFO: [VRFC 10-2458] undeclared symbol fc2_ready, assumed default net type wire [C:/Users/AmirHasan/Desktop/DSDProject/cnn/cnn.srcs/sources_1/imports/cnn_open/src/lenet.v:589]
INFO: [VRFC 10-2458] undeclared symbol q_fc2_en, assumed default net type wire [C:/Users/AmirHasan/Desktop/DSDProject/cnn/cnn.srcs/sources_1/imports/cnn_open/src/lenet.v:624]
INFO: [VRFC 10-2458] undeclared symbol qa_relu_fc2_en, assumed default net type wire [C:/Users/AmirHasan/Desktop/DSDProject/cnn/cnn.srcs/sources_1/imports/cnn_open/src/lenet.v:636]
INFO: [VRFC 10-2458] undeclared symbol first_data_fc3, assumed default net type wire [C:/Users/AmirHasan/Desktop/DSDProject/cnn/cnn.srcs/sources_1/imports/cnn_open/src/lenet.v:704]
INFO: [VRFC 10-2458] undeclared symbol last_data_fc3, assumed default net type wire [C:/Users/AmirHasan/Desktop/DSDProject/cnn/cnn.srcs/sources_1/imports/cnn_open/src/lenet.v:705]
INFO: [VRFC 10-2458] undeclared symbol fc3_ready, assumed default net type wire [C:/Users/AmirHasan/Desktop/DSDProject/cnn/cnn.srcs/sources_1/imports/cnn_open/src/lenet.v:710]
INFO: [VRFC 10-2458] undeclared symbol q_fc3_en, assumed default net type wire [C:/Users/AmirHasan/Desktop/DSDProject/cnn/cnn.srcs/sources_1/imports/cnn_open/src/lenet.v:745]
INFO: [VRFC 10-2263] Analyzing SystemVerilog file "C:/Users/AmirHasan/Desktop/DSDProject/cnn/cnn.srcs/sources_1/imports/cnn_open/src/lenet_roms.v" into library xil_defaultlib
INFO: [VRFC 10-311] analyzing module bias_conv1_rom
INFO: [VRFC 10-311] analyzing module wieght_conv1_rom
INFO: [VRFC 10-311] analyzing module bias_conv2_rom
INFO: [VRFC 10-311] analyzing module wieght_conv2_rom
INFO: [VRFC 10-311] analyzing module bias_fc1_rom
INFO: [VRFC 10-311] analyzing module wieght_fc1_rom
INFO: [VRFC 10-311] analyzing module bias_fc2_rom
INFO: [VRFC 10-311] analyzing module wieght_fc2_rom
INFO: [VRFC 10-311] analyzing module bias_fc3_rom
INFO: [VRFC 10-311] analyzing module wieght_fc3_rom
INFO: [VRFC 10-2263] Analyzing SystemVerilog file "C:/Users/AmirHasan/Desktop/DSDProject/cnn/cnn.srcs/sources_1/imports/cnn_open/model/xilinx/xilinx_1w1r_sram.v" into library xil_defaultlib
INFO: [VRFC 10-311] analyzing module xilinx_1w1r_sram
INFO: [VRFC 10-2263] Analyzing SystemVerilog file "C:/Users/AmirHasan/Desktop/DSDProject/cnn/cnn.srcs/sources_1/imports/cnn_open/testbench/lenet_tb.v" into library xil_defaultlib
INFO: [VRFC 10-311] analyzing module tb
INFO: [VRFC 10-2458] undeclared symbol cena_src_rom, assumed default net type wire [C:/Users/AmirHasan/Desktop/DSDProject/cnn/cnn.srcs/sources_1/imports/cnn_open/testbench/lenet_tb.v:71]
INFO: [VRFC 10-311] analyzing module src_rom
WARNING: [VRFC 10-526] concatenation with unsized literal; will interpret as 32 bits [C:/Users/AmirHasan/Desktop/DSDProject/cnn/cnn.srcs/sources_1/imports/cnn_open/testbench/lenet_tb.v:114]
WARNING: [VRFC 10-526] concatenation with unsized literal; will interpret as 32 bits [C:/Users/AmirHasan/Desktop/DSDProject/cnn/cnn.srcs/sources_1/imports/cnn_open/testbench/lenet_tb.v:115]
WARNING: [VRFC 10-526] concatenation with unsized literal; will interpret as 32 bits [C:/Users/AmirHasan/Desktop/DSDProject/cnn/cnn.srcs/sources_1/imports/cnn_open/testbench/lenet_tb.v:116]
WARNING: [VRFC 10-526] concatenation with unsized literal; will interpret as 32 bits [C:/Users/AmirHasan/Desktop/DSDProject/cnn/cnn.srcs/sources_1/imports/cnn_open/testbench/lenet_tb.v:117]
WARNING: [VRFC 10-526] concatenation with unsized literal; will interpret as 32 bits [C:/Users/AmirHasan/Desktop/DSDProject/cnn/cnn.srcs/sources_1/imports/cnn_open/testbench/lenet_tb.v:118]
WARNING: [VRFC 10-526] concatenation with unsized literal; will interpret as 32 bits [C:/Users/AmirHasan/Desktop/DSDProject/cnn/cnn.srcs/sources_1/imports/cnn_open/testbench/lenet_tb.v:119]
WARNING: [VRFC 10-526] concatenation with unsized literal; will interpret as 32 bits [C:/Users/AmirHasan/Desktop/DSDProject/cnn/cnn.srcs/sources_1/imports/cnn_open/testbench/lenet_tb.v:120]
WARNING: [VRFC 10-526] concatenation with unsized literal; will interpret as 32 bits [C:/Users/AmirHasan/Desktop/DSDProject/cnn/cnn.srcs/sources_1/imports/cnn_open/testbench/lenet_tb.v:121]
WARNING: [VRFC 10-526] concatenation with unsized literal; will interpret as 32 bits [C:/Users/AmirHasan/Desktop/DSDProject/cnn/cnn.srcs/sources_1/imports/cnn_open/testbench/lenet_tb.v:122]
WARNING: [VRFC 10-526] concatenation with unsized literal; will interpret as 32 bits [C:/Users/AmirHasan/Desktop/DSDProject/cnn/cnn.srcs/sources_1/imports/cnn_open/testbench/lenet_tb.v:123]
WARNING: [VRFC 10-526] concatenation with unsized literal; will interpret as 32 bits [C:/Users/AmirHasan/Desktop/DSDProject/cnn/cnn.srcs/sources_1/imports/cnn_open/testbench/lenet_tb.v:124]
WARNING: [VRFC 10-526] concatenation with unsized literal; will interpret as 32 bits [C:/Users/AmirHasan/Desktop/DSDProject/cnn/cnn.srcs/sources_1/imports/cnn_open/testbench/lenet_tb.v:125]
WARNING: [VRFC 10-526] concatenation with unsized literal; will interpret as 32 bits [C:/Users/AmirHasan/Desktop/DSDProject/cnn/cnn.srcs/sources_1/imports/cnn_open/testbench/lenet_tb.v:126]
WARNING: [VRFC 10-526] concatenation with unsized literal; will interpret as 32 bits [C:/Users/AmirHasan/Desktop/DSDProject/cnn/cnn.srcs/sources_1/imports/cnn_open/testbench/lenet_tb.v:127]
WARNING: [VRFC 10-526] concatenation with unsized literal; will interpret as 32 bits [C:/Users/AmirHasan/Desktop/DSDProject/cnn/cnn.srcs/sources_1/imports/cnn_open/testbench/lenet_tb.v:128]
WARNING: [VRFC 10-526] concatenation with unsized literal; will interpret as 32 bits [C:/Users/AmirHasan/Desktop/DSDProject/cnn/cnn.srcs/sources_1/imports/cnn_open/testbench/lenet_tb.v:129]
WARNING: [VRFC 10-526] concatenation with unsized literal; will interpret as 32 bits [C:/Users/AmirHasan/Desktop/DSDProject/cnn/cnn.srcs/sources_1/imports/cnn_open/testbench/lenet_tb.v:130]
WARNING: [VRFC 10-526] concatenation with unsized literal; will interpret as 32 bits [C:/Users/AmirHasan/Desktop/DSDProject/cnn/cnn.srcs/sources_1/imports/cnn_open/testbench/lenet_tb.v:131]
WARNING: [VRFC 10-526] concatenation with unsized literal; will interpret as 32 bits [C:/Users/AmirHasan/Desktop/DSDProject/cnn/cnn.srcs/sources_1/imports/cnn_open/testbench/lenet_tb.v:132]
WARNING: [VRFC 10-526] concatenation with unsized literal; will interpret as 32 bits [C:/Users/AmirHasan/Desktop/DSDProject/cnn/cnn.srcs/sources_1/imports/cnn_open/testbench/lenet_tb.v:133]
WARNING: [VRFC 10-526] concatenation with unsized literal; will interpret as 32 bits [C:/Users/AmirHasan/Desktop/DSDProject/cnn/cnn.srcs/sources_1/imports/cnn_open/testbench/lenet_tb.v:134]
WARNING: [VRFC 10-526] concatenation with unsized literal; will interpret as 32 bits [C:/Users/AmirHasan/Desktop/DSDProject/cnn/cnn.srcs/sources_1/imports/cnn_open/testbench/lenet_tb.v:135]
WARNING: [VRFC 10-526] concatenation with unsized literal; will interpret as 32 bits [C:/Users/AmirHasan/Desktop/DSDProject/cnn/cnn.srcs/sources_1/imports/cnn_open/testbench/lenet_tb.v:136]
WARNING: [VRFC 10-526] concatenation with unsized literal; will interpret as 32 bits [C:/Users/AmirHasan/Desktop/DSDProject/cnn/cnn.srcs/sources_1/imports/cnn_open/testbench/lenet_tb.v:137]
WARNING: [VRFC 10-526] concatenation with unsized literal; will interpret as 32 bits [C:/Users/AmirHasan/Desktop/DSDProject/cnn/cnn.srcs/sources_1/imports/cnn_open/testbench/lenet_tb.v:138]
WARNING: [VRFC 10-526] concatenation with unsized literal; will interpret as 32 bits [C:/Users/AmirHasan/Desktop/DSDProject/cnn/cnn.srcs/sources_1/imports/cnn_open/testbench/lenet_tb.v:139]
WARNING: [VRFC 10-526] concatenation with unsized literal; will interpret as 32 bits [C:/Users/AmirHasan/Desktop/DSDProject/cnn/cnn.srcs/sources_1/imports/cnn_open/testbench/lenet_tb.v:140]
WARNING: [VRFC 10-526] concatenation with unsized literal; will interpret as 32 bits [C:/Users/AmirHasan/Desktop/DSDProject/cnn/cnn.srcs/sources_1/imports/cnn_open/testbench/lenet_tb.v:141]
WARNING: [VRFC 10-526] concatenation with unsized literal; will interpret as 32 bits [C:/Users/AmirHasan/Desktop/DSDProject/cnn/cnn.srcs/sources_1/imports/cnn_open/testbench/lenet_tb.v:142]
WARNING: [VRFC 10-526] concatenation with unsized literal; will interpret as 32 bits [C:/Users/AmirHasan/Desktop/DSDProject/cnn/cnn.srcs/sources_1/imports/cnn_open/testbench/lenet_tb.v:143]
WARNING: [VRFC 10-526] concatenation with unsized literal; will interpret as 32 bits [C:/Users/AmirHasan/Desktop/DSDProject/cnn/cnn.srcs/sources_1/imports/cnn_open/testbench/lenet_tb.v:144]
WARNING: [VRFC 10-526] concatenation with unsized literal; will interpret as 32 bits [C:/Users/AmirHasan/Desktop/DSDProject/cnn/cnn.srcs/sources_1/imports/cnn_open/testbench/lenet_tb.v:145]
WARNING: [VRFC 10-3824] variable 'sequence_name' must explicitly be declared as automatic or static [C:/Users/AmirHasan/Desktop/DSDProject/cnn/cnn.srcs/sources_1/imports/cnn_open/testbench/lenet_tb.v:169]
